<?xml version="1.0" encoding="UTF-8"?>
<!-- Generated by org.testng.reporters.JUnitReportReporter -->
<testsuite skipped="0" hostname="LAPTOP-LPUGEO8E" name="test.NssListTest" tests="2" failures="0" timestamp="2023-04-06T16:26:11 CDT" time="6.589" errors="0">
  <testcase name="initBrowserFactory" time="4.022" classname="test.NssListTest"/>
  <system-out/>
  <testcase name="useCase4" time="2.567" classname="test.NssListTest"/>
  <system-out/>
</testsuite> <!-- test.NssListTest -->
